<?xml version="1.0" encoding="UTF-8"?>
<!-- Generated by org.testng.reporters.JUnitXMLReporter -->
<testsuite hostname="AJAGOW-LAPW10" ignored="0" name="Default test" tests="4" failures="0" timestamp="2020-09-16T19:28:02 IST" time="0.036" errors="0">
  <testcase name="testmethod_200" time="0.008" classname="com.tests.GettingSourcesudpdetails"/>
  <testcase name="testmethod_200" time="0.001" classname="com.tests.GettingSourcesudpdetails"/>
  <testcase name="testmethod2_400" time="0.001" classname="com.tests.GettingSourcesudpdetails"/>
  <testcase name="testmethod2_400" time="0.001" classname="com.tests.GettingSourcesudpdetails"/>
</testsuite> <!-- Default test -->
